<?xml version="1.0" encoding="UTF-8"?>
<testsuite xmlns:xsi="http://www.w3.org/2001/XMLSchema-instance" xsi:noNamespaceSchemaLocation="https://maven.apache.org/surefire/maven-surefire-plugin/xsd/surefire-test-report.xsd" name="rest.MovieResourceTest" time="4.733" tests="6" errors="0" skipped="0" failures="0">
  <properties>
[...]
</properties>
  <testcase name="testGetMovieById" classname="rest.MovieResourceTest" time="2.303"/>
  <testcase name="testDummyMsg" classname="rest.MovieResourceTest" time="0.08"/>
  <testcase name="testCount" classname="rest.MovieResourceTest" time="0.071"/>
  <testcase name="testGetMovieByTitle" classname="rest.MovieResourceTest" time="0.112"/>
  <testcase name="testGetAllMovies" classname="rest.MovieResourceTest" time="0.208"/>
  <testcase name="testServerIsUp" classname="rest.MovieResourceTest" time="0.058"/>
</testsuite>